<?xml version="1.0" encoding="UTF-8"?>
<!-- Generated by org.testng.reporters.JUnitReportReporter -->
<testsuite hostname="Lenovo-PC" name="com.sunrise.selenium.home.TC001" tests="1" failures="0" timestamp="28 Sep 2019 01:14:43 GMT" time="22.446" errors="0">
  <testcase name="TC001" time="22.446" classname="com.sunrise.selenium.home.TC001"/>
</testsuite> <!-- com.sunrise.selenium.home.TC001 -->
