<?xml version="1.0" encoding="UTF-8"?>
<!-- Generated by org.testng.reporters.JUnitReportReporter -->
<testsuite hostname="Lenovo-PC" name="com.sunrise.selenium.home.TC002" tests="1" failures="0" timestamp="26 Sep 2019 00:25:57 GMT" time="23.909" errors="0">
  <testcase name="TC002" time="23.909" classname="com.sunrise.selenium.home.TC002"/>
</testsuite> <!-- com.sunrise.selenium.home.TC002 -->
